<?xml version="1.0" encoding="UTF-8"?>
<!-- Generated by org.testng.reporters.JUnitReportReporter -->
<testsuite hostname="nn-lregulski-01" name="com.akamai.tests.Search_Test_Jobs" tests="3" failures="0" timestamp="22 Jan 2017 15:53:33 GMT" time="45.222" errors="0">
  <testcase name="checkNumberOfResults" time="15.767" classname="com.akamai.tests.Search_Test_Jobs"/>
  <testcase name="checkNumberOfJobsPosted" time="13.883" classname="com.akamai.tests.Search_Test_Jobs"/>
  <testcase name="checkDatePostedForOffer" time="15.572" classname="com.akamai.tests.Search_Test_Jobs"/>
</testsuite> <!-- com.akamai.tests.Search_Test_Jobs -->
